  chessboard.cpp
  main.cpp
C:\Users\noahc\source\repos\Chess w DL\chess_w_dl\main.cpp(85,44): warning C4244: 'argument': conversion from 'int' to 'GLfloat', possible loss of data
C:\Users\noahc\source\repos\Chess w DL\chess_w_dl\main.cpp(85,41): warning C4244: 'argument': conversion from 'int' to 'GLfloat', possible loss of data
C:\Users\noahc\source\repos\Chess w DL\chess_w_dl\main.cpp(86,52): warning C4244: 'argument': conversion from 'int' to 'GLfloat', possible loss of data
C:\Users\noahc\source\repos\Chess w DL\chess_w_dl\main.cpp(86,44): warning C4244: 'argument': conversion from 'int' to 'GLfloat', possible loss of data
C:\Users\noahc\source\repos\Chess w DL\chess_w_dl\main.cpp(87,55): warning C4244: 'argument': conversion from 'int' to 'GLfloat', possible loss of data
C:\Users\noahc\source\repos\Chess w DL\chess_w_dl\main.cpp(87,45): warning C4244: 'argument': conversion from 'int' to 'GLfloat', possible loss of data
C:\Users\noahc\source\repos\Chess w DL\chess_w_dl\main.cpp(88,47): warning C4244: 'argument': conversion from 'int' to 'GLfloat', possible loss of data
C:\Users\noahc\source\repos\Chess w DL\chess_w_dl\main.cpp(88,42): warning C4244: 'argument': conversion from 'int' to 'GLfloat', possible loss of data
C:\Users\noahc\source\repos\Chess w DL\chess_w_dl\main.cpp(96,44): warning C4244: 'argument': conversion from 'int' to 'GLfloat', possible loss of data
C:\Users\noahc\source\repos\Chess w DL\chess_w_dl\main.cpp(96,41): warning C4244: 'argument': conversion from 'int' to 'GLfloat', possible loss of data
C:\Users\noahc\source\repos\Chess w DL\chess_w_dl\main.cpp(97,51): warning C4244: 'argument': conversion from 'int' to 'GLfloat', possible loss of data
C:\Users\noahc\source\repos\Chess w DL\chess_w_dl\main.cpp(97,43): warning C4244: 'argument': conversion from 'int' to 'GLfloat', possible loss of data
C:\Users\noahc\source\repos\Chess w DL\chess_w_dl\main.cpp(98,53): warning C4244: 'argument': conversion from 'int' to 'GLfloat', possible loss of data
C:\Users\noahc\source\repos\Chess w DL\chess_w_dl\main.cpp(98,43): warning C4244: 'argument': conversion from 'int' to 'GLfloat', possible loss of data
C:\Users\noahc\source\repos\Chess w DL\chess_w_dl\main.cpp(99,46): warning C4244: 'argument': conversion from 'int' to 'GLfloat', possible loss of data
C:\Users\noahc\source\repos\Chess w DL\chess_w_dl\main.cpp(99,41): warning C4244: 'argument': conversion from 'int' to 'GLfloat', possible loss of data
C:\Users\noahc\source\repos\Chess w DL\chess_w_dl\main.cpp(114,24): warning C4305: 'argument': truncation from 'double' to 'GLfloat'
C:\Users\noahc\source\repos\Chess w DL\chess_w_dl\main.cpp(114,18): warning C4305: 'argument': truncation from 'double' to 'GLfloat'
C:\Users\noahc\source\repos\Chess w DL\chess_w_dl\main.cpp(114,12): warning C4305: 'argument': truncation from 'double' to 'GLfloat'
C:\Users\noahc\source\repos\Chess w DL\chess_w_dl\main.cpp(128,33): warning C4305: 'argument': truncation from 'double' to 'GLfloat'
C:\Users\noahc\source\repos\Chess w DL\chess_w_dl\main.cpp(128,24): warning C4305: 'argument': truncation from 'double' to 'GLfloat'
C:\Users\noahc\source\repos\Chess w DL\chess_w_dl\main.cpp(128,15): warning C4305: 'argument': truncation from 'double' to 'GLfloat'
C:\Users\noahc\source\repos\Chess w DL\chess_w_dl\main.cpp(132,31): warning C4305: 'argument': truncation from 'double' to 'GLfloat'
C:\Users\noahc\source\repos\Chess w DL\chess_w_dl\main.cpp(132,23): warning C4305: 'argument': truncation from 'double' to 'GLfloat'
C:\Users\noahc\source\repos\Chess w DL\chess_w_dl\main.cpp(132,15): warning C4305: 'argument': truncation from 'double' to 'GLfloat'
C:\Users\noahc\source\repos\Chess w DL\chess_w_dl\main.cpp(135,52): warning C4244: 'argument': conversion from 'double' to 'GLfloat', possible loss of data
C:\Users\noahc\source\repos\Chess w DL\chess_w_dl\main.cpp(135,24): warning C4244: 'argument': conversion from 'double' to 'GLfloat', possible loss of data
C:\Users\noahc\source\repos\Chess w DL\chess_w_dl\main.cpp(136,58): warning C4244: 'argument': conversion from 'double' to 'GLfloat', possible loss of data
C:\Users\noahc\source\repos\Chess w DL\chess_w_dl\main.cpp(136,24): warning C4244: 'argument': conversion from 'double' to 'GLfloat', possible loss of data
C:\Users\noahc\source\repos\Chess w DL\chess_w_dl\main.cpp(137,58): warning C4244: 'argument': conversion from 'double' to 'GLfloat', possible loss of data
C:\Users\noahc\source\repos\Chess w DL\chess_w_dl\main.cpp(137,24): warning C4244: 'argument': conversion from 'double' to 'GLfloat', possible loss of data
C:\Users\noahc\source\repos\Chess w DL\chess_w_dl\main.cpp(138,52): warning C4244: 'argument': conversion from 'double' to 'GLfloat', possible loss of data
C:\Users\noahc\source\repos\Chess w DL\chess_w_dl\main.cpp(138,24): warning C4244: 'argument': conversion from 'double' to 'GLfloat', possible loss of data
C:\Users\noahc\source\repos\Chess w DL\chess_w_dl\main.cpp(147,70): warning C4244: 'argument': conversion from 'double' to 'int', possible loss of data
C:\Users\noahc\source\repos\Chess w DL\chess_w_dl\main.cpp(147,51): warning C4244: 'argument': conversion from 'double' to 'int', possible loss of data
C:\Users\noahc\source\repos\Chess w DL\chess_w_dl\main.cpp(147,23): warning C4244: 'argument': conversion from 'double' to 'int', possible loss of data
C:\Users\noahc\source\repos\Chess w DL\chess_w_dl\main.cpp(153,52): warning C4305: 'argument': truncation from 'double' to 'GLfloat'
C:\Users\noahc\source\repos\Chess w DL\chess_w_dl\main.cpp(153,33): warning C4305: 'argument': truncation from 'double' to 'GLfloat'
C:\Users\noahc\source\repos\Chess w DL\chess_w_dl\main.cpp(153,13): warning C4305: 'argument': truncation from 'double' to 'GLfloat'
C:\Users\noahc\source\repos\Chess w DL\chess_w_dl\main.cpp(155,58): warning C4244: 'argument': conversion from 'double' to 'GLfloat', possible loss of data
C:\Users\noahc\source\repos\Chess w DL\chess_w_dl\main.cpp(155,23): warning C4244: 'argument': conversion from 'double' to 'GLfloat', possible loss of data
C:\Users\noahc\source\repos\Chess w DL\chess_w_dl\main.cpp(156,64): warning C4244: 'argument': conversion from 'double' to 'GLfloat', possible loss of data
C:\Users\noahc\source\repos\Chess w DL\chess_w_dl\main.cpp(156,23): warning C4244: 'argument': conversion from 'double' to 'GLfloat', possible loss of data
C:\Users\noahc\source\repos\Chess w DL\chess_w_dl\main.cpp(157,64): warning C4244: 'argument': conversion from 'double' to 'GLfloat', possible loss of data
C:\Users\noahc\source\repos\Chess w DL\chess_w_dl\main.cpp(157,23): warning C4244: 'argument': conversion from 'double' to 'GLfloat', possible loss of data
C:\Users\noahc\source\repos\Chess w DL\chess_w_dl\main.cpp(158,58): warning C4244: 'argument': conversion from 'double' to 'GLfloat', possible loss of data
C:\Users\noahc\source\repos\Chess w DL\chess_w_dl\main.cpp(158,23): warning C4244: 'argument': conversion from 'double' to 'GLfloat', possible loss of data
C:\Users\noahc\source\repos\Chess w DL\chess_w_dl\main.cpp(215,15): warning C4244: 'initializing': conversion from 'double' to 'int', possible loss of data
C:\Users\noahc\source\repos\Chess w DL\chess_w_dl\main.cpp(216,15): warning C4244: 'initializing': conversion from 'double' to 'int', possible loss of data
  Generating Code...
  Chess w DL.vcxproj -> C:\Users\noahc\source\repos\Chess w DL\chess_w_dl\x64\Debug\Chess_DL.exe
